2023/05/02 02:55:08 [error] [php] Undefined variable: posts (/opt/lampp/htdocs/blog/protected/views/site/index.php:13)
Stack trace:
#0 /opt/lampp/htdocs/blog/yii/framework/web/CController.php(872): SiteController->renderFile()
#1 /opt/lampp/htdocs/blog/yii/framework/web/CController.php(785): SiteController->renderPartial()
#2 /opt/lampp/htdocs/blog/protected/controllers/SiteController.php(32): SiteController->render()
#3 /opt/lampp/htdocs/blog/yii/framework/web/actions/CInlineAction.php(49): SiteController->actionIndex()
#4 /opt/lampp/htdocs/blog/yii/framework/web/CController.php(308): CInlineAction->runWithParams()
#5 /opt/lampp/htdocs/blog/yii/framework/web/CController.php(286): SiteController->runAction()
#6 /opt/lampp/htdocs/blog/yii/framework/web/CController.php(265): SiteController->runActionWithFilters()
#7 /opt/lampp/htdocs/blog/yii/framework/web/CWebApplication.php(282): SiteController->run()
#8 /opt/lampp/htdocs/blog/yii/framework/web/CWebApplication.php(141): CWebApplication->runController()
#9 /opt/lampp/htdocs/blog/yii/framework/base/CApplication.php(185): CWebApplication->processRequest()
#10 /opt/lampp/htdocs/blog/index.php(13): CWebApplication->run()
REQUEST_URI=/blog/index.php/site/index
in /opt/lampp/htdocs/blog/protected/views/site/index.php (13)
in /opt/lampp/htdocs/blog/protected/controllers/SiteController.php (32)
in /opt/lampp/htdocs/blog/index.php (13)
2023/05/02 02:56:28 [error] [php] Undefined variable: posts (/opt/lampp/htdocs/blog/protected/views/site/index.php:13)
Stack trace:
#0 /opt/lampp/htdocs/blog/yii/framework/web/CController.php(872): SiteController->renderFile()
#1 /opt/lampp/htdocs/blog/yii/framework/web/CController.php(785): SiteController->renderPartial()
#2 /opt/lampp/htdocs/blog/protected/controllers/SiteController.php(32): SiteController->render()
#3 /opt/lampp/htdocs/blog/yii/framework/web/actions/CInlineAction.php(49): SiteController->actionIndex()
#4 /opt/lampp/htdocs/blog/yii/framework/web/CController.php(308): CInlineAction->runWithParams()
#5 /opt/lampp/htdocs/blog/yii/framework/web/CController.php(286): SiteController->runAction()
#6 /opt/lampp/htdocs/blog/yii/framework/web/CController.php(265): SiteController->runActionWithFilters()
#7 /opt/lampp/htdocs/blog/yii/framework/web/CWebApplication.php(282): SiteController->run()
#8 /opt/lampp/htdocs/blog/yii/framework/web/CWebApplication.php(141): CWebApplication->runController()
#9 /opt/lampp/htdocs/blog/yii/framework/base/CApplication.php(185): CWebApplication->processRequest()
#10 /opt/lampp/htdocs/blog/index.php(13): CWebApplication->run()
REQUEST_URI=/blog/index.php/site/index
in /opt/lampp/htdocs/blog/protected/views/site/index.php (13)
in /opt/lampp/htdocs/blog/protected/controllers/SiteController.php (32)
in /opt/lampp/htdocs/blog/index.php (13)
2023/05/02 03:00:03 [error] [php] Undefined variable: posts (/opt/lampp/htdocs/blog/protected/views/site/index.php:12)
Stack trace:
#0 /opt/lampp/htdocs/blog/yii/framework/web/CController.php(872): SiteController->renderFile()
#1 /opt/lampp/htdocs/blog/yii/framework/web/CController.php(785): SiteController->renderPartial()
#2 /opt/lampp/htdocs/blog/protected/controllers/SiteController.php(32): SiteController->render()
#3 /opt/lampp/htdocs/blog/yii/framework/web/actions/CInlineAction.php(49): SiteController->actionIndex()
#4 /opt/lampp/htdocs/blog/yii/framework/web/CController.php(308): CInlineAction->runWithParams()
#5 /opt/lampp/htdocs/blog/yii/framework/web/CController.php(286): SiteController->runAction()
#6 /opt/lampp/htdocs/blog/yii/framework/web/CController.php(265): SiteController->runActionWithFilters()
#7 /opt/lampp/htdocs/blog/yii/framework/web/CWebApplication.php(282): SiteController->run()
#8 /opt/lampp/htdocs/blog/yii/framework/web/CWebApplication.php(141): CWebApplication->runController()
#9 /opt/lampp/htdocs/blog/yii/framework/base/CApplication.php(185): CWebApplication->processRequest()
#10 /opt/lampp/htdocs/blog/index.php(13): CWebApplication->run()
REQUEST_URI=/blog/index.php/site/index
in /opt/lampp/htdocs/blog/protected/views/site/index.php (12)
in /opt/lampp/htdocs/blog/protected/controllers/SiteController.php (32)
in /opt/lampp/htdocs/blog/index.php (13)
2023/05/02 03:02:34 [error] [php] Undefined variable: posts (/opt/lampp/htdocs/blog/protected/views/site/index.php:12)
Stack trace:
#0 /opt/lampp/htdocs/blog/yii/framework/web/CController.php(872): SiteController->renderFile()
#1 /opt/lampp/htdocs/blog/yii/framework/web/CController.php(785): SiteController->renderPartial()
#2 /opt/lampp/htdocs/blog/protected/controllers/SiteController.php(32): SiteController->render()
#3 /opt/lampp/htdocs/blog/yii/framework/web/actions/CInlineAction.php(49): SiteController->actionIndex()
#4 /opt/lampp/htdocs/blog/yii/framework/web/CController.php(308): CInlineAction->runWithParams()
#5 /opt/lampp/htdocs/blog/yii/framework/web/CController.php(286): SiteController->runAction()
#6 /opt/lampp/htdocs/blog/yii/framework/web/CController.php(265): SiteController->runActionWithFilters()
#7 /opt/lampp/htdocs/blog/yii/framework/web/CWebApplication.php(282): SiteController->run()
#8 /opt/lampp/htdocs/blog/yii/framework/web/CWebApplication.php(141): CWebApplication->runController()
#9 /opt/lampp/htdocs/blog/yii/framework/base/CApplication.php(185): CWebApplication->processRequest()
#10 /opt/lampp/htdocs/blog/index.php(13): CWebApplication->run()
REQUEST_URI=/blog/index.php/site/index
in /opt/lampp/htdocs/blog/protected/views/site/index.php (12)
in /opt/lampp/htdocs/blog/protected/controllers/SiteController.php (32)
in /opt/lampp/htdocs/blog/index.php (13)
2023/05/02 03:05:08 [error] [php] Undefined variable: posts (/opt/lampp/htdocs/blog/protected/views/site/index.php:12)
Stack trace:
#0 /opt/lampp/htdocs/blog/yii/framework/web/CController.php(872): SiteController->renderFile()
#1 /opt/lampp/htdocs/blog/yii/framework/web/CController.php(785): SiteController->renderPartial()
#2 /opt/lampp/htdocs/blog/protected/controllers/SiteController.php(32): SiteController->render()
#3 /opt/lampp/htdocs/blog/yii/framework/web/actions/CInlineAction.php(49): SiteController->actionIndex()
#4 /opt/lampp/htdocs/blog/yii/framework/web/CController.php(308): CInlineAction->runWithParams()
#5 /opt/lampp/htdocs/blog/yii/framework/web/CController.php(286): SiteController->runAction()
#6 /opt/lampp/htdocs/blog/yii/framework/web/CController.php(265): SiteController->runActionWithFilters()
#7 /opt/lampp/htdocs/blog/yii/framework/web/CWebApplication.php(282): SiteController->run()
#8 /opt/lampp/htdocs/blog/yii/framework/web/CWebApplication.php(141): CWebApplication->runController()
#9 /opt/lampp/htdocs/blog/yii/framework/base/CApplication.php(185): CWebApplication->processRequest()
#10 /opt/lampp/htdocs/blog/index.php(13): CWebApplication->run()
REQUEST_URI=/blog/index.php/site/index
in /opt/lampp/htdocs/blog/protected/views/site/index.php (12)
in /opt/lampp/htdocs/blog/protected/controllers/SiteController.php (32)
in /opt/lampp/htdocs/blog/index.php (13)
2023/05/02 03:05:10 [error] [php] Undefined variable: posts (/opt/lampp/htdocs/blog/protected/views/site/index.php:12)
Stack trace:
#0 /opt/lampp/htdocs/blog/yii/framework/web/CController.php(872): SiteController->renderFile()
#1 /opt/lampp/htdocs/blog/yii/framework/web/CController.php(785): SiteController->renderPartial()
#2 /opt/lampp/htdocs/blog/protected/controllers/SiteController.php(32): SiteController->render()
#3 /opt/lampp/htdocs/blog/yii/framework/web/actions/CInlineAction.php(49): SiteController->actionIndex()
#4 /opt/lampp/htdocs/blog/yii/framework/web/CController.php(308): CInlineAction->runWithParams()
#5 /opt/lampp/htdocs/blog/yii/framework/web/CController.php(286): SiteController->runAction()
#6 /opt/lampp/htdocs/blog/yii/framework/web/CController.php(265): SiteController->runActionWithFilters()
#7 /opt/lampp/htdocs/blog/yii/framework/web/CWebApplication.php(282): SiteController->run()
#8 /opt/lampp/htdocs/blog/yii/framework/web/CWebApplication.php(141): CWebApplication->runController()
#9 /opt/lampp/htdocs/blog/yii/framework/base/CApplication.php(185): CWebApplication->processRequest()
#10 /opt/lampp/htdocs/blog/index.php(13): CWebApplication->run()
REQUEST_URI=/blog/index.php/site/index
in /opt/lampp/htdocs/blog/protected/views/site/index.php (12)
in /opt/lampp/htdocs/blog/protected/controllers/SiteController.php (32)
in /opt/lampp/htdocs/blog/index.php (13)
2023/05/02 03:05:11 [error] [php] Undefined variable: posts (/opt/lampp/htdocs/blog/protected/views/site/index.php:12)
Stack trace:
#0 /opt/lampp/htdocs/blog/yii/framework/web/CController.php(872): SiteController->renderFile()
#1 /opt/lampp/htdocs/blog/yii/framework/web/CController.php(785): SiteController->renderPartial()
#2 /opt/lampp/htdocs/blog/protected/controllers/SiteController.php(32): SiteController->render()
#3 /opt/lampp/htdocs/blog/yii/framework/web/actions/CInlineAction.php(49): SiteController->actionIndex()
#4 /opt/lampp/htdocs/blog/yii/framework/web/CController.php(308): CInlineAction->runWithParams()
#5 /opt/lampp/htdocs/blog/yii/framework/web/CController.php(286): SiteController->runAction()
#6 /opt/lampp/htdocs/blog/yii/framework/web/CController.php(265): SiteController->runActionWithFilters()
#7 /opt/lampp/htdocs/blog/yii/framework/web/CWebApplication.php(282): SiteController->run()
#8 /opt/lampp/htdocs/blog/yii/framework/web/CWebApplication.php(141): CWebApplication->runController()
#9 /opt/lampp/htdocs/blog/yii/framework/base/CApplication.php(185): CWebApplication->processRequest()
#10 /opt/lampp/htdocs/blog/index.php(13): CWebApplication->run()
REQUEST_URI=/blog/index.php/site/index
in /opt/lampp/htdocs/blog/protected/views/site/index.php (12)
in /opt/lampp/htdocs/blog/protected/controllers/SiteController.php (32)
in /opt/lampp/htdocs/blog/index.php (13)
2023/05/02 03:11:23 [error] [php] Undefined index: body (/opt/lampp/htdocs/blog/protected/views/site/index.php:15)
Stack trace:
#0 /opt/lampp/htdocs/blog/yii/framework/web/CController.php(872): SiteController->renderFile()
#1 /opt/lampp/htdocs/blog/yii/framework/web/CController.php(785): SiteController->renderPartial()
#2 /opt/lampp/htdocs/blog/protected/controllers/SiteController.php(34): SiteController->render()
#3 /opt/lampp/htdocs/blog/yii/framework/web/actions/CInlineAction.php(49): SiteController->actionIndex()
#4 /opt/lampp/htdocs/blog/yii/framework/web/CController.php(308): CInlineAction->runWithParams()
#5 /opt/lampp/htdocs/blog/yii/framework/web/CController.php(286): SiteController->runAction()
#6 /opt/lampp/htdocs/blog/yii/framework/web/CController.php(265): SiteController->runActionWithFilters()
#7 /opt/lampp/htdocs/blog/yii/framework/web/CWebApplication.php(282): SiteController->run()
#8 /opt/lampp/htdocs/blog/yii/framework/web/CWebApplication.php(141): CWebApplication->runController()
#9 /opt/lampp/htdocs/blog/yii/framework/base/CApplication.php(185): CWebApplication->processRequest()
#10 /opt/lampp/htdocs/blog/index.php(13): CWebApplication->run()
REQUEST_URI=/blog/index.php/site/index
in /opt/lampp/htdocs/blog/protected/views/site/index.php (15)
in /opt/lampp/htdocs/blog/protected/controllers/SiteController.php (34)
in /opt/lampp/htdocs/blog/index.php (13)
2023/05/02 03:32:56 [error] [php] file_get_contents(https://my-json-server.typicode.com/proberto/demo/posts): failed to open stream: HTTP request failed! HTTP/1.1 500 Internal Server Error
 (/opt/lampp/htdocs/blog/protected/controllers/SiteController.php:31)
Stack trace:
#0 /opt/lampp/htdocs/blog/yii/framework/web/CController.php(308): CInlineAction->runWithParams()
#1 /opt/lampp/htdocs/blog/yii/framework/web/CController.php(286): SiteController->runAction()
#2 /opt/lampp/htdocs/blog/yii/framework/web/CController.php(265): SiteController->runActionWithFilters()
#3 /opt/lampp/htdocs/blog/yii/framework/web/CWebApplication.php(282): SiteController->run()
#4 /opt/lampp/htdocs/blog/yii/framework/web/CWebApplication.php(141): CWebApplication->runController()
#5 /opt/lampp/htdocs/blog/yii/framework/base/CApplication.php(185): CWebApplication->processRequest()
#6 /opt/lampp/htdocs/blog/index.php(13): CWebApplication->run()
REQUEST_URI=/blog/index.php/site/index
in /opt/lampp/htdocs/blog/protected/controllers/SiteController.php (31)
in /opt/lampp/htdocs/blog/index.php (13)
2023/05/02 03:41:58 [error] [php] Undefined index: title (/opt/lampp/htdocs/blog/protected/views/site/index.php:14)
Stack trace:
#0 /opt/lampp/htdocs/blog/yii/framework/web/CController.php(872): SiteController->renderFile()
#1 /opt/lampp/htdocs/blog/yii/framework/web/CController.php(785): SiteController->renderPartial()
#2 /opt/lampp/htdocs/blog/protected/controllers/SiteController.php(34): SiteController->render()
#3 /opt/lampp/htdocs/blog/yii/framework/web/actions/CInlineAction.php(49): SiteController->actionIndex()
#4 /opt/lampp/htdocs/blog/yii/framework/web/CController.php(308): CInlineAction->runWithParams()
#5 /opt/lampp/htdocs/blog/yii/framework/web/CController.php(286): SiteController->runAction()
#6 /opt/lampp/htdocs/blog/yii/framework/web/CController.php(265): SiteController->runActionWithFilters()
#7 /opt/lampp/htdocs/blog/yii/framework/web/CWebApplication.php(282): SiteController->run()
#8 /opt/lampp/htdocs/blog/yii/framework/web/CWebApplication.php(141): CWebApplication->runController()
#9 /opt/lampp/htdocs/blog/yii/framework/base/CApplication.php(185): CWebApplication->processRequest()
#10 /opt/lampp/htdocs/blog/index.php(13): CWebApplication->run()
REQUEST_URI=/blog/index.php/site/index
in /opt/lampp/htdocs/blog/protected/views/site/index.php (14)
in /opt/lampp/htdocs/blog/protected/controllers/SiteController.php (34)
in /opt/lampp/htdocs/blog/index.php (13)
2023/05/02 03:43:11 [error] [php] Undefined index: posts (/opt/lampp/htdocs/blog/protected/views/site/index.php:14)
Stack trace:
#0 /opt/lampp/htdocs/blog/yii/framework/web/CController.php(872): SiteController->renderFile()
#1 /opt/lampp/htdocs/blog/yii/framework/web/CController.php(785): SiteController->renderPartial()
#2 /opt/lampp/htdocs/blog/protected/controllers/SiteController.php(34): SiteController->render()
#3 /opt/lampp/htdocs/blog/yii/framework/web/actions/CInlineAction.php(49): SiteController->actionIndex()
#4 /opt/lampp/htdocs/blog/yii/framework/web/CController.php(308): CInlineAction->runWithParams()
#5 /opt/lampp/htdocs/blog/yii/framework/web/CController.php(286): SiteController->runAction()
#6 /opt/lampp/htdocs/blog/yii/framework/web/CController.php(265): SiteController->runActionWithFilters()
#7 /opt/lampp/htdocs/blog/yii/framework/web/CWebApplication.php(282): SiteController->run()
#8 /opt/lampp/htdocs/blog/yii/framework/web/CWebApplication.php(141): CWebApplication->runController()
#9 /opt/lampp/htdocs/blog/yii/framework/base/CApplication.php(185): CWebApplication->processRequest()
#10 /opt/lampp/htdocs/blog/index.php(13): CWebApplication->run()
REQUEST_URI=/blog/index.php/site/index
in /opt/lampp/htdocs/blog/protected/views/site/index.php (14)
in /opt/lampp/htdocs/blog/protected/controllers/SiteController.php (34)
in /opt/lampp/htdocs/blog/index.php (13)
2023/05/02 03:44:06 [error] [php] Undefined index: posts (/opt/lampp/htdocs/blog/protected/views/site/index.php:14)
Stack trace:
#0 /opt/lampp/htdocs/blog/yii/framework/web/CController.php(872): SiteController->renderFile()
#1 /opt/lampp/htdocs/blog/yii/framework/web/CController.php(785): SiteController->renderPartial()
#2 /opt/lampp/htdocs/blog/protected/controllers/SiteController.php(34): SiteController->render()
#3 /opt/lampp/htdocs/blog/yii/framework/web/actions/CInlineAction.php(49): SiteController->actionIndex()
#4 /opt/lampp/htdocs/blog/yii/framework/web/CController.php(308): CInlineAction->runWithParams()
#5 /opt/lampp/htdocs/blog/yii/framework/web/CController.php(286): SiteController->runAction()
#6 /opt/lampp/htdocs/blog/yii/framework/web/CController.php(265): SiteController->runActionWithFilters()
#7 /opt/lampp/htdocs/blog/yii/framework/web/CWebApplication.php(282): SiteController->run()
#8 /opt/lampp/htdocs/blog/yii/framework/web/CWebApplication.php(141): CWebApplication->runController()
#9 /opt/lampp/htdocs/blog/yii/framework/base/CApplication.php(185): CWebApplication->processRequest()
#10 /opt/lampp/htdocs/blog/index.php(13): CWebApplication->run()
REQUEST_URI=/blog/index.php/site/index
in /opt/lampp/htdocs/blog/protected/views/site/index.php (14)
in /opt/lampp/htdocs/blog/protected/controllers/SiteController.php (34)
in /opt/lampp/htdocs/blog/index.php (13)
2023/05/02 03:44:18 [error] [php] Undefined index: posts (/opt/lampp/htdocs/blog/protected/views/site/index.php:14)
Stack trace:
#0 /opt/lampp/htdocs/blog/yii/framework/web/CController.php(872): SiteController->renderFile()
#1 /opt/lampp/htdocs/blog/yii/framework/web/CController.php(785): SiteController->renderPartial()
#2 /opt/lampp/htdocs/blog/protected/controllers/SiteController.php(34): SiteController->render()
#3 /opt/lampp/htdocs/blog/yii/framework/web/actions/CInlineAction.php(49): SiteController->actionIndex()
#4 /opt/lampp/htdocs/blog/yii/framework/web/CController.php(308): CInlineAction->runWithParams()
#5 /opt/lampp/htdocs/blog/yii/framework/web/CController.php(286): SiteController->runAction()
#6 /opt/lampp/htdocs/blog/yii/framework/web/CController.php(265): SiteController->runActionWithFilters()
#7 /opt/lampp/htdocs/blog/yii/framework/web/CWebApplication.php(282): SiteController->run()
#8 /opt/lampp/htdocs/blog/yii/framework/web/CWebApplication.php(141): CWebApplication->runController()
#9 /opt/lampp/htdocs/blog/yii/framework/base/CApplication.php(185): CWebApplication->processRequest()
#10 /opt/lampp/htdocs/blog/index.php(13): CWebApplication->run()
REQUEST_URI=/blog/index.php/site/index
in /opt/lampp/htdocs/blog/protected/views/site/index.php (14)
in /opt/lampp/htdocs/blog/protected/controllers/SiteController.php (34)
in /opt/lampp/htdocs/blog/index.php (13)
2023/05/02 03:45:18 [error] [php] Array to string conversion (/opt/lampp/htdocs/blog/protected/views/site/index.php:18)
Stack trace:
#0 /opt/lampp/htdocs/blog/yii/framework/web/CController.php(872): SiteController->renderFile()
#1 /opt/lampp/htdocs/blog/yii/framework/web/CController.php(785): SiteController->renderPartial()
#2 /opt/lampp/htdocs/blog/protected/controllers/SiteController.php(34): SiteController->render()
#3 /opt/lampp/htdocs/blog/yii/framework/web/actions/CInlineAction.php(49): SiteController->actionIndex()
#4 /opt/lampp/htdocs/blog/yii/framework/web/CController.php(308): CInlineAction->runWithParams()
#5 /opt/lampp/htdocs/blog/yii/framework/web/CController.php(286): SiteController->runAction()
#6 /opt/lampp/htdocs/blog/yii/framework/web/CController.php(265): SiteController->runActionWithFilters()
#7 /opt/lampp/htdocs/blog/yii/framework/web/CWebApplication.php(282): SiteController->run()
#8 /opt/lampp/htdocs/blog/yii/framework/web/CWebApplication.php(141): CWebApplication->runController()
#9 /opt/lampp/htdocs/blog/yii/framework/base/CApplication.php(185): CWebApplication->processRequest()
#10 /opt/lampp/htdocs/blog/index.php(13): CWebApplication->run()
REQUEST_URI=/blog/index.php/site/index
in /opt/lampp/htdocs/blog/protected/views/site/index.php (18)
in /opt/lampp/htdocs/blog/protected/controllers/SiteController.php (34)
in /opt/lampp/htdocs/blog/index.php (13)
2023/05/02 03:46:07 [error] [php] Undefined index: posts (/opt/lampp/htdocs/blog/protected/views/site/index.php:14)
Stack trace:
#0 /opt/lampp/htdocs/blog/yii/framework/web/CController.php(872): SiteController->renderFile()
#1 /opt/lampp/htdocs/blog/yii/framework/web/CController.php(785): SiteController->renderPartial()
#2 /opt/lampp/htdocs/blog/protected/controllers/SiteController.php(34): SiteController->render()
#3 /opt/lampp/htdocs/blog/yii/framework/web/actions/CInlineAction.php(49): SiteController->actionIndex()
#4 /opt/lampp/htdocs/blog/yii/framework/web/CController.php(308): CInlineAction->runWithParams()
#5 /opt/lampp/htdocs/blog/yii/framework/web/CController.php(286): SiteController->runAction()
#6 /opt/lampp/htdocs/blog/yii/framework/web/CController.php(265): SiteController->runActionWithFilters()
#7 /opt/lampp/htdocs/blog/yii/framework/web/CWebApplication.php(282): SiteController->run()
#8 /opt/lampp/htdocs/blog/yii/framework/web/CWebApplication.php(141): CWebApplication->runController()
#9 /opt/lampp/htdocs/blog/yii/framework/base/CApplication.php(185): CWebApplication->processRequest()
#10 /opt/lampp/htdocs/blog/index.php(13): CWebApplication->run()
REQUEST_URI=/blog/index.php/site/index
in /opt/lampp/htdocs/blog/protected/views/site/index.php (14)
in /opt/lampp/htdocs/blog/protected/controllers/SiteController.php (34)
in /opt/lampp/htdocs/blog/index.php (13)
2023/05/02 03:48:18 [error] [php] Undefined index: posts (/opt/lampp/htdocs/blog/protected/views/site/index.php:14)
Stack trace:
#0 /opt/lampp/htdocs/blog/yii/framework/web/CController.php(872): SiteController->renderFile()
#1 /opt/lampp/htdocs/blog/yii/framework/web/CController.php(785): SiteController->renderPartial()
#2 /opt/lampp/htdocs/blog/protected/controllers/SiteController.php(34): SiteController->render()
#3 /opt/lampp/htdocs/blog/yii/framework/web/actions/CInlineAction.php(49): SiteController->actionIndex()
#4 /opt/lampp/htdocs/blog/yii/framework/web/CController.php(308): CInlineAction->runWithParams()
#5 /opt/lampp/htdocs/blog/yii/framework/web/CController.php(286): SiteController->runAction()
#6 /opt/lampp/htdocs/blog/yii/framework/web/CController.php(265): SiteController->runActionWithFilters()
#7 /opt/lampp/htdocs/blog/yii/framework/web/CWebApplication.php(282): SiteController->run()
#8 /opt/lampp/htdocs/blog/yii/framework/web/CWebApplication.php(141): CWebApplication->runController()
#9 /opt/lampp/htdocs/blog/yii/framework/base/CApplication.php(185): CWebApplication->processRequest()
#10 /opt/lampp/htdocs/blog/index.php(13): CWebApplication->run()
REQUEST_URI=/blog/index.php/site/index
in /opt/lampp/htdocs/blog/protected/views/site/index.php (14)
in /opt/lampp/htdocs/blog/protected/controllers/SiteController.php (34)
in /opt/lampp/htdocs/blog/index.php (13)
2023/05/10 21:49:47 [error] [exception.Error] Error: Class 'GuzzleHttp\Client' not found in /opt/lampp/htdocs/blog/protected/controllers/SiteController.php:104
Stack trace:
#0 /opt/lampp/htdocs/blog/yii/framework/web/actions/CInlineAction.php(49): SiteController->actionLogin()
#1 /opt/lampp/htdocs/blog/yii/framework/web/CController.php(308): CInlineAction->runWithParams(Array)
#2 /opt/lampp/htdocs/blog/yii/framework/web/CController.php(286): CController->runAction(Object(CInlineAction))
#3 /opt/lampp/htdocs/blog/yii/framework/web/CController.php(265): CController->runActionWithFilters(Object(CInlineAction), Array)
#4 /opt/lampp/htdocs/blog/yii/framework/web/CWebApplication.php(282): CController->run('login')
#5 /opt/lampp/htdocs/blog/yii/framework/web/CWebApplication.php(141): CWebApplication->runController('site/login')
#6 /opt/lampp/htdocs/blog/yii/framework/base/CApplication.php(185): CWebApplication->processRequest()
#7 /opt/lampp/htdocs/blog/index.php(13): CApplication->run()
#8 {main}
REQUEST_URI=/blog/index.php/site/login
HTTP_REFERER=http://192.168.64.2/blog/
---
2023/05/10 21:51:28 [error] [exception.Error] Error: Class 'GuzzleHttp\Client' not found in /opt/lampp/htdocs/blog/protected/controllers/SiteController.php:104
Stack trace:
#0 /opt/lampp/htdocs/blog/yii/framework/web/actions/CInlineAction.php(49): SiteController->actionLogin()
#1 /opt/lampp/htdocs/blog/yii/framework/web/CController.php(308): CInlineAction->runWithParams(Array)
#2 /opt/lampp/htdocs/blog/yii/framework/web/CController.php(286): CController->runAction(Object(CInlineAction))
#3 /opt/lampp/htdocs/blog/yii/framework/web/CController.php(265): CController->runActionWithFilters(Object(CInlineAction), Array)
#4 /opt/lampp/htdocs/blog/yii/framework/web/CWebApplication.php(282): CController->run('login')
#5 /opt/lampp/htdocs/blog/yii/framework/web/CWebApplication.php(141): CWebApplication->runController('site/login')
#6 /opt/lampp/htdocs/blog/yii/framework/base/CApplication.php(185): CWebApplication->processRequest()
#7 /opt/lampp/htdocs/blog/index.php(13): CApplication->run()
#8 {main}
REQUEST_URI=/blog/index.php/site/login
HTTP_REFERER=http://192.168.64.2/blog/
---
2023/05/10 21:51:35 [error] [exception.Error] Error: Class 'GuzzleHttp\Client' not found in /opt/lampp/htdocs/blog/protected/controllers/SiteController.php:104
Stack trace:
#0 /opt/lampp/htdocs/blog/yii/framework/web/actions/CInlineAction.php(49): SiteController->actionLogin()
#1 /opt/lampp/htdocs/blog/yii/framework/web/CController.php(308): CInlineAction->runWithParams(Array)
#2 /opt/lampp/htdocs/blog/yii/framework/web/CController.php(286): CController->runAction(Object(CInlineAction))
#3 /opt/lampp/htdocs/blog/yii/framework/web/CController.php(265): CController->runActionWithFilters(Object(CInlineAction), Array)
#4 /opt/lampp/htdocs/blog/yii/framework/web/CWebApplication.php(282): CController->run('login')
#5 /opt/lampp/htdocs/blog/yii/framework/web/CWebApplication.php(141): CWebApplication->runController('site/login')
#6 /opt/lampp/htdocs/blog/yii/framework/base/CApplication.php(185): CWebApplication->processRequest()
#7 /opt/lampp/htdocs/blog/index.php(13): CApplication->run()
#8 {main}
REQUEST_URI=/blog/index.php/site/login
HTTP_REFERER=http://192.168.64.2/blog/
---
2023/05/10 21:57:35 [error] [exception.Error] Error: Class 'Vendor\Composer\GuzzleHttp\Client' not found in /opt/lampp/htdocs/blog/protected/controllers/SiteController.php:104
Stack trace:
#0 /opt/lampp/htdocs/blog/yii/framework/web/actions/CInlineAction.php(49): SiteController->actionLogin()
#1 /opt/lampp/htdocs/blog/yii/framework/web/CController.php(308): CInlineAction->runWithParams(Array)
#2 /opt/lampp/htdocs/blog/yii/framework/web/CController.php(286): CController->runAction(Object(CInlineAction))
#3 /opt/lampp/htdocs/blog/yii/framework/web/CController.php(265): CController->runActionWithFilters(Object(CInlineAction), Array)
#4 /opt/lampp/htdocs/blog/yii/framework/web/CWebApplication.php(282): CController->run('login')
#5 /opt/lampp/htdocs/blog/yii/framework/web/CWebApplication.php(141): CWebApplication->runController('site/login')
#6 /opt/lampp/htdocs/blog/yii/framework/base/CApplication.php(185): CWebApplication->processRequest()
#7 /opt/lampp/htdocs/blog/index.php(13): CApplication->run()
#8 {main}
REQUEST_URI=/blog/index.php/site/login
HTTP_REFERER=http://192.168.64.2/blog/
---
2023/05/10 21:57:37 [error] [exception.Error] Error: Class 'Vendor\Composer\GuzzleHttp\Client' not found in /opt/lampp/htdocs/blog/protected/controllers/SiteController.php:104
Stack trace:
#0 /opt/lampp/htdocs/blog/yii/framework/web/actions/CInlineAction.php(49): SiteController->actionLogin()
#1 /opt/lampp/htdocs/blog/yii/framework/web/CController.php(308): CInlineAction->runWithParams(Array)
#2 /opt/lampp/htdocs/blog/yii/framework/web/CController.php(286): CController->runAction(Object(CInlineAction))
#3 /opt/lampp/htdocs/blog/yii/framework/web/CController.php(265): CController->runActionWithFilters(Object(CInlineAction), Array)
#4 /opt/lampp/htdocs/blog/yii/framework/web/CWebApplication.php(282): CController->run('login')
#5 /opt/lampp/htdocs/blog/yii/framework/web/CWebApplication.php(141): CWebApplication->runController('site/login')
#6 /opt/lampp/htdocs/blog/yii/framework/base/CApplication.php(185): CWebApplication->processRequest()
#7 /opt/lampp/htdocs/blog/index.php(13): CApplication->run()
#8 {main}
REQUEST_URI=/blog/index.php/site/login
HTTP_REFERER=http://192.168.64.2/blog/
---
2023/05/10 22:01:54 [error] [exception.Error] Error: Class 'Vendor\Composer\GuzzleHttp\Client' not found in /opt/lampp/htdocs/blog/protected/controllers/SiteController.php:104
Stack trace:
#0 /opt/lampp/htdocs/blog/yii/framework/web/actions/CInlineAction.php(49): SiteController->actionLogin()
#1 /opt/lampp/htdocs/blog/yii/framework/web/CController.php(308): CInlineAction->runWithParams(Array)
#2 /opt/lampp/htdocs/blog/yii/framework/web/CController.php(286): CController->runAction(Object(CInlineAction))
#3 /opt/lampp/htdocs/blog/yii/framework/web/CController.php(265): CController->runActionWithFilters(Object(CInlineAction), Array)
#4 /opt/lampp/htdocs/blog/yii/framework/web/CWebApplication.php(282): CController->run('login')
#5 /opt/lampp/htdocs/blog/yii/framework/web/CWebApplication.php(141): CWebApplication->runController('site/login')
#6 /opt/lampp/htdocs/blog/yii/framework/base/CApplication.php(185): CWebApplication->processRequest()
#7 /opt/lampp/htdocs/blog/index.php(13): CApplication->run()
#8 {main}
REQUEST_URI=/blog/index.php/site/login
HTTP_REFERER=http://192.168.64.2/blog/
---
2023/05/10 22:01:55 [error] [exception.Error] Error: Class 'Vendor\Composer\GuzzleHttp\Client' not found in /opt/lampp/htdocs/blog/protected/controllers/SiteController.php:104
Stack trace:
#0 /opt/lampp/htdocs/blog/yii/framework/web/actions/CInlineAction.php(49): SiteController->actionLogin()
#1 /opt/lampp/htdocs/blog/yii/framework/web/CController.php(308): CInlineAction->runWithParams(Array)
#2 /opt/lampp/htdocs/blog/yii/framework/web/CController.php(286): CController->runAction(Object(CInlineAction))
#3 /opt/lampp/htdocs/blog/yii/framework/web/CController.php(265): CController->runActionWithFilters(Object(CInlineAction), Array)
#4 /opt/lampp/htdocs/blog/yii/framework/web/CWebApplication.php(282): CController->run('login')
#5 /opt/lampp/htdocs/blog/yii/framework/web/CWebApplication.php(141): CWebApplication->runController('site/login')
#6 /opt/lampp/htdocs/blog/yii/framework/base/CApplication.php(185): CWebApplication->processRequest()
#7 /opt/lampp/htdocs/blog/index.php(13): CApplication->run()
#8 {main}
REQUEST_URI=/blog/index.php/site/login
HTTP_REFERER=http://192.168.64.2/blog/
---
2023/05/10 22:01:56 [error] [exception.Error] Error: Class 'Vendor\Composer\GuzzleHttp\Client' not found in /opt/lampp/htdocs/blog/protected/controllers/SiteController.php:104
Stack trace:
#0 /opt/lampp/htdocs/blog/yii/framework/web/actions/CInlineAction.php(49): SiteController->actionLogin()
#1 /opt/lampp/htdocs/blog/yii/framework/web/CController.php(308): CInlineAction->runWithParams(Array)
#2 /opt/lampp/htdocs/blog/yii/framework/web/CController.php(286): CController->runAction(Object(CInlineAction))
#3 /opt/lampp/htdocs/blog/yii/framework/web/CController.php(265): CController->runActionWithFilters(Object(CInlineAction), Array)
#4 /opt/lampp/htdocs/blog/yii/framework/web/CWebApplication.php(282): CController->run('login')
#5 /opt/lampp/htdocs/blog/yii/framework/web/CWebApplication.php(141): CWebApplication->runController('site/login')
#6 /opt/lampp/htdocs/blog/yii/framework/base/CApplication.php(185): CWebApplication->processRequest()
#7 /opt/lampp/htdocs/blog/index.php(13): CApplication->run()
#8 {main}
REQUEST_URI=/blog/index.php/site/login
HTTP_REFERER=http://192.168.64.2/blog/
---
2023/05/10 22:02:21 [error] [exception.Error] Error: Class 'GuzzleHttp\Client' not found in /opt/lampp/htdocs/blog/protected/controllers/SiteController.php:104
Stack trace:
#0 /opt/lampp/htdocs/blog/yii/framework/web/actions/CInlineAction.php(49): SiteController->actionLogin()
#1 /opt/lampp/htdocs/blog/yii/framework/web/CController.php(308): CInlineAction->runWithParams(Array)
#2 /opt/lampp/htdocs/blog/yii/framework/web/CController.php(286): CController->runAction(Object(CInlineAction))
#3 /opt/lampp/htdocs/blog/yii/framework/web/CController.php(265): CController->runActionWithFilters(Object(CInlineAction), Array)
#4 /opt/lampp/htdocs/blog/yii/framework/web/CWebApplication.php(282): CController->run('login')
#5 /opt/lampp/htdocs/blog/yii/framework/web/CWebApplication.php(141): CWebApplication->runController('site/login')
#6 /opt/lampp/htdocs/blog/yii/framework/base/CApplication.php(185): CWebApplication->processRequest()
#7 /opt/lampp/htdocs/blog/index.php(13): CApplication->run()
#8 {main}
REQUEST_URI=/blog/index.php/site/login
HTTP_REFERER=http://192.168.64.2/blog/
---
2023/05/10 22:02:23 [error] [exception.Error] Error: Class 'GuzzleHttp\Client' not found in /opt/lampp/htdocs/blog/protected/controllers/SiteController.php:104
Stack trace:
#0 /opt/lampp/htdocs/blog/yii/framework/web/actions/CInlineAction.php(49): SiteController->actionLogin()
#1 /opt/lampp/htdocs/blog/yii/framework/web/CController.php(308): CInlineAction->runWithParams(Array)
#2 /opt/lampp/htdocs/blog/yii/framework/web/CController.php(286): CController->runAction(Object(CInlineAction))
#3 /opt/lampp/htdocs/blog/yii/framework/web/CController.php(265): CController->runActionWithFilters(Object(CInlineAction), Array)
#4 /opt/lampp/htdocs/blog/yii/framework/web/CWebApplication.php(282): CController->run('login')
#5 /opt/lampp/htdocs/blog/yii/framework/web/CWebApplication.php(141): CWebApplication->runController('site/login')
#6 /opt/lampp/htdocs/blog/yii/framework/base/CApplication.php(185): CWebApplication->processRequest()
#7 /opt/lampp/htdocs/blog/index.php(13): CApplication->run()
#8 {main}
REQUEST_URI=/blog/index.php/site/login
HTTP_REFERER=http://192.168.64.2/blog/
---
2023/05/10 22:02:36 [error] [exception.Error] Error: Class 'Guzzle\Http\Client' not found in /opt/lampp/htdocs/blog/protected/controllers/SiteController.php:104
Stack trace:
#0 /opt/lampp/htdocs/blog/yii/framework/web/actions/CInlineAction.php(49): SiteController->actionLogin()
#1 /opt/lampp/htdocs/blog/yii/framework/web/CController.php(308): CInlineAction->runWithParams(Array)
#2 /opt/lampp/htdocs/blog/yii/framework/web/CController.php(286): CController->runAction(Object(CInlineAction))
#3 /opt/lampp/htdocs/blog/yii/framework/web/CController.php(265): CController->runActionWithFilters(Object(CInlineAction), Array)
#4 /opt/lampp/htdocs/blog/yii/framework/web/CWebApplication.php(282): CController->run('login')
#5 /opt/lampp/htdocs/blog/yii/framework/web/CWebApplication.php(141): CWebApplication->runController('site/login')
#6 /opt/lampp/htdocs/blog/yii/framework/base/CApplication.php(185): CWebApplication->processRequest()
#7 /opt/lampp/htdocs/blog/index.php(13): CApplication->run()
#8 {main}
REQUEST_URI=/blog/index.php/site/login
HTTP_REFERER=http://192.168.64.2/blog/
---
2023/05/10 22:06:47 [error] [php] Object of class GuzzleHttp\Psr7\Response could not be converted to string (/opt/lampp/htdocs/blog/protected/controllers/SiteController.php:110)
Stack trace:
#0 /opt/lampp/htdocs/blog/yii/framework/web/CController.php(286): SiteController->runAction()
#1 /opt/lampp/htdocs/blog/yii/framework/web/CController.php(265): SiteController->runActionWithFilters()
#2 /opt/lampp/htdocs/blog/yii/framework/web/CWebApplication.php(282): SiteController->run()
#3 /opt/lampp/htdocs/blog/yii/framework/web/CWebApplication.php(141): CWebApplication->runController()
#4 /opt/lampp/htdocs/blog/yii/framework/base/CApplication.php(185): CWebApplication->processRequest()
#5 /opt/lampp/htdocs/blog/index.php(13): CWebApplication->run()
REQUEST_URI=/blog/index.php/site/login
in /opt/lampp/htdocs/blog/protected/controllers/SiteController.php (110)
in /opt/lampp/htdocs/blog/index.php (13)
2023/05/11 15:13:29 [error] [php] Undefined variable: model (/opt/lampp/htdocs/blog/protected/views/site/login.php:28)
Stack trace:
#0 /opt/lampp/htdocs/blog/yii/framework/web/CController.php(872): SiteController->renderFile()
#1 /opt/lampp/htdocs/blog/yii/framework/web/CController.php(785): SiteController->renderPartial()
#2 /opt/lampp/htdocs/blog/protected/controllers/SiteController.php(105): SiteController->render()
#3 /opt/lampp/htdocs/blog/yii/framework/web/actions/CInlineAction.php(49): SiteController->actionLogin()
#4 /opt/lampp/htdocs/blog/yii/framework/web/CController.php(308): CInlineAction->runWithParams()
#5 /opt/lampp/htdocs/blog/yii/framework/web/CController.php(286): SiteController->runAction()
#6 /opt/lampp/htdocs/blog/yii/framework/web/CController.php(265): SiteController->runActionWithFilters()
#7 /opt/lampp/htdocs/blog/yii/framework/web/CWebApplication.php(282): SiteController->run()
#8 /opt/lampp/htdocs/blog/yii/framework/web/CWebApplication.php(141): CWebApplication->runController()
#9 /opt/lampp/htdocs/blog/yii/framework/base/CApplication.php(185): CWebApplication->processRequest()
#10 /opt/lampp/htdocs/blog/index.php(13): CWebApplication->run()
REQUEST_URI=/blog/index.php/site/login
in /opt/lampp/htdocs/blog/protected/views/site/login.php (28)
in /opt/lampp/htdocs/blog/protected/controllers/SiteController.php (105)
in /opt/lampp/htdocs/blog/index.php (13)
2023/05/15 01:22:12 [error] [php] Undefined index: email (/opt/lampp/htdocs/blog/protected/components/UserIdentity.php:30)
Stack trace:
#0 /opt/lampp/htdocs/blog/yii/framework/validators/CValidator.php(201): CInlineValidator->validateAttribute()
#1 /opt/lampp/htdocs/blog/yii/framework/base/CModel.php(159): CInlineValidator->validate()
#2 /opt/lampp/htdocs/blog/protected/controllers/SiteController.php(101): LoginForm->validate()
#3 /opt/lampp/htdocs/blog/yii/framework/web/actions/CInlineAction.php(49): SiteController->actionLogin()
#4 /opt/lampp/htdocs/blog/yii/framework/web/CController.php(308): CInlineAction->runWithParams()
#5 /opt/lampp/htdocs/blog/yii/framework/web/CController.php(286): SiteController->runAction()
#6 /opt/lampp/htdocs/blog/yii/framework/web/CController.php(265): SiteController->runActionWithFilters()
#7 /opt/lampp/htdocs/blog/yii/framework/web/CWebApplication.php(282): SiteController->run()
#8 /opt/lampp/htdocs/blog/yii/framework/web/CWebApplication.php(141): CWebApplication->runController()
#9 /opt/lampp/htdocs/blog/yii/framework/base/CApplication.php(185): CWebApplication->processRequest()
#10 /opt/lampp/htdocs/blog/index.php(13): CWebApplication->run()
REQUEST_URI=/blog/index.php/site/login
in /opt/lampp/htdocs/blog/protected/components/UserIdentity.php (30)
in /opt/lampp/htdocs/blog/protected/models/LoginForm.php (54)
in /opt/lampp/htdocs/blog/protected/controllers/SiteController.php (101)
2023/05/15 01:24:05 [error] [php] Undefined index: email (/opt/lampp/htdocs/blog/protected/components/UserIdentity.php:27)
Stack trace:
#0 /opt/lampp/htdocs/blog/yii/framework/validators/CValidator.php(201): CInlineValidator->validateAttribute()
#1 /opt/lampp/htdocs/blog/yii/framework/base/CModel.php(159): CInlineValidator->validate()
#2 /opt/lampp/htdocs/blog/protected/controllers/SiteController.php(101): LoginForm->validate()
#3 /opt/lampp/htdocs/blog/yii/framework/web/actions/CInlineAction.php(49): SiteController->actionLogin()
#4 /opt/lampp/htdocs/blog/yii/framework/web/CController.php(308): CInlineAction->runWithParams()
#5 /opt/lampp/htdocs/blog/yii/framework/web/CController.php(286): SiteController->runAction()
#6 /opt/lampp/htdocs/blog/yii/framework/web/CController.php(265): SiteController->runActionWithFilters()
#7 /opt/lampp/htdocs/blog/yii/framework/web/CWebApplication.php(282): SiteController->run()
#8 /opt/lampp/htdocs/blog/yii/framework/web/CWebApplication.php(141): CWebApplication->runController()
#9 /opt/lampp/htdocs/blog/yii/framework/base/CApplication.php(185): CWebApplication->processRequest()
#10 /opt/lampp/htdocs/blog/index.php(13): CWebApplication->run()
REQUEST_URI=/blog/index.php/site/login
in /opt/lampp/htdocs/blog/protected/components/UserIdentity.php (27)
in /opt/lampp/htdocs/blog/protected/models/LoginForm.php (54)
in /opt/lampp/htdocs/blog/protected/controllers/SiteController.php (101)
2023/05/15 01:25:17 [error] [php] Trying to get property 'email' of non-object (/opt/lampp/htdocs/blog/protected/components/UserIdentity.php:27)
Stack trace:
#0 /opt/lampp/htdocs/blog/yii/framework/validators/CValidator.php(201): CInlineValidator->validateAttribute()
#1 /opt/lampp/htdocs/blog/yii/framework/base/CModel.php(159): CInlineValidator->validate()
#2 /opt/lampp/htdocs/blog/protected/controllers/SiteController.php(101): LoginForm->validate()
#3 /opt/lampp/htdocs/blog/yii/framework/web/actions/CInlineAction.php(49): SiteController->actionLogin()
#4 /opt/lampp/htdocs/blog/yii/framework/web/CController.php(308): CInlineAction->runWithParams()
#5 /opt/lampp/htdocs/blog/yii/framework/web/CController.php(286): SiteController->runAction()
#6 /opt/lampp/htdocs/blog/yii/framework/web/CController.php(265): SiteController->runActionWithFilters()
#7 /opt/lampp/htdocs/blog/yii/framework/web/CWebApplication.php(282): SiteController->run()
#8 /opt/lampp/htdocs/blog/yii/framework/web/CWebApplication.php(141): CWebApplication->runController()
#9 /opt/lampp/htdocs/blog/yii/framework/base/CApplication.php(185): CWebApplication->processRequest()
#10 /opt/lampp/htdocs/blog/index.php(13): CWebApplication->run()
REQUEST_URI=/blog/index.php/site/login
in /opt/lampp/htdocs/blog/protected/components/UserIdentity.php (27)
in /opt/lampp/htdocs/blog/protected/models/LoginForm.php (54)
in /opt/lampp/htdocs/blog/protected/controllers/SiteController.php (101)
2023/05/15 01:29:03 [error] [php] Illegal string offset 'email' (/opt/lampp/htdocs/blog/protected/components/UserIdentity.php:29)
Stack trace:
#0 /opt/lampp/htdocs/blog/yii/framework/validators/CValidator.php(201): CInlineValidator->validateAttribute()
#1 /opt/lampp/htdocs/blog/yii/framework/base/CModel.php(159): CInlineValidator->validate()
#2 /opt/lampp/htdocs/blog/protected/controllers/SiteController.php(101): LoginForm->validate()
#3 /opt/lampp/htdocs/blog/yii/framework/web/actions/CInlineAction.php(49): SiteController->actionLogin()
#4 /opt/lampp/htdocs/blog/yii/framework/web/CController.php(308): CInlineAction->runWithParams()
#5 /opt/lampp/htdocs/blog/yii/framework/web/CController.php(286): SiteController->runAction()
#6 /opt/lampp/htdocs/blog/yii/framework/web/CController.php(265): SiteController->runActionWithFilters()
#7 /opt/lampp/htdocs/blog/yii/framework/web/CWebApplication.php(282): SiteController->run()
#8 /opt/lampp/htdocs/blog/yii/framework/web/CWebApplication.php(141): CWebApplication->runController()
#9 /opt/lampp/htdocs/blog/yii/framework/base/CApplication.php(185): CWebApplication->processRequest()
#10 /opt/lampp/htdocs/blog/index.php(13): CWebApplication->run()
REQUEST_URI=/blog/index.php/site/login
in /opt/lampp/htdocs/blog/protected/components/UserIdentity.php (29)
in /opt/lampp/htdocs/blog/protected/models/LoginForm.php (54)
in /opt/lampp/htdocs/blog/protected/controllers/SiteController.php (101)
2023/05/15 01:30:09 [error] [php] Illegal string offset 'email' (/opt/lampp/htdocs/blog/protected/components/UserIdentity.php:29)
Stack trace:
#0 /opt/lampp/htdocs/blog/yii/framework/validators/CValidator.php(201): CInlineValidator->validateAttribute()
#1 /opt/lampp/htdocs/blog/yii/framework/base/CModel.php(159): CInlineValidator->validate()
#2 /opt/lampp/htdocs/blog/protected/controllers/SiteController.php(101): LoginForm->validate()
#3 /opt/lampp/htdocs/blog/yii/framework/web/actions/CInlineAction.php(49): SiteController->actionLogin()
#4 /opt/lampp/htdocs/blog/yii/framework/web/CController.php(308): CInlineAction->runWithParams()
#5 /opt/lampp/htdocs/blog/yii/framework/web/CController.php(286): SiteController->runAction()
#6 /opt/lampp/htdocs/blog/yii/framework/web/CController.php(265): SiteController->runActionWithFilters()
#7 /opt/lampp/htdocs/blog/yii/framework/web/CWebApplication.php(282): SiteController->run()
#8 /opt/lampp/htdocs/blog/yii/framework/web/CWebApplication.php(141): CWebApplication->runController()
#9 /opt/lampp/htdocs/blog/yii/framework/base/CApplication.php(185): CWebApplication->processRequest()
#10 /opt/lampp/htdocs/blog/index.php(13): CWebApplication->run()
REQUEST_URI=/blog/index.php/site/login
in /opt/lampp/htdocs/blog/protected/components/UserIdentity.php (29)
in /opt/lampp/htdocs/blog/protected/models/LoginForm.php (54)
in /opt/lampp/htdocs/blog/protected/controllers/SiteController.php (101)
2023/05/15 01:30:33 [error] [php] Illegal string offset 'email' (/opt/lampp/htdocs/blog/protected/components/UserIdentity.php:29)
Stack trace:
#0 /opt/lampp/htdocs/blog/yii/framework/validators/CValidator.php(201): CInlineValidator->validateAttribute()
#1 /opt/lampp/htdocs/blog/yii/framework/base/CModel.php(159): CInlineValidator->validate()
#2 /opt/lampp/htdocs/blog/protected/controllers/SiteController.php(101): LoginForm->validate()
#3 /opt/lampp/htdocs/blog/yii/framework/web/actions/CInlineAction.php(49): SiteController->actionLogin()
#4 /opt/lampp/htdocs/blog/yii/framework/web/CController.php(308): CInlineAction->runWithParams()
#5 /opt/lampp/htdocs/blog/yii/framework/web/CController.php(286): SiteController->runAction()
#6 /opt/lampp/htdocs/blog/yii/framework/web/CController.php(265): SiteController->runActionWithFilters()
#7 /opt/lampp/htdocs/blog/yii/framework/web/CWebApplication.php(282): SiteController->run()
#8 /opt/lampp/htdocs/blog/yii/framework/web/CWebApplication.php(141): CWebApplication->runController()
#9 /opt/lampp/htdocs/blog/yii/framework/base/CApplication.php(185): CWebApplication->processRequest()
#10 /opt/lampp/htdocs/blog/index.php(13): CWebApplication->run()
REQUEST_URI=/blog/index.php/site/login
in /opt/lampp/htdocs/blog/protected/components/UserIdentity.php (29)
in /opt/lampp/htdocs/blog/protected/models/LoginForm.php (54)
in /opt/lampp/htdocs/blog/protected/controllers/SiteController.php (101)
2023/05/15 01:31:21 [error] [php] Illegal string offset 'email' (/opt/lampp/htdocs/blog/protected/components/UserIdentity.php:29)
Stack trace:
#0 /opt/lampp/htdocs/blog/yii/framework/validators/CValidator.php(201): CInlineValidator->validateAttribute()
#1 /opt/lampp/htdocs/blog/yii/framework/base/CModel.php(159): CInlineValidator->validate()
#2 /opt/lampp/htdocs/blog/protected/controllers/SiteController.php(101): LoginForm->validate()
#3 /opt/lampp/htdocs/blog/yii/framework/web/actions/CInlineAction.php(49): SiteController->actionLogin()
#4 /opt/lampp/htdocs/blog/yii/framework/web/CController.php(308): CInlineAction->runWithParams()
#5 /opt/lampp/htdocs/blog/yii/framework/web/CController.php(286): SiteController->runAction()
#6 /opt/lampp/htdocs/blog/yii/framework/web/CController.php(265): SiteController->runActionWithFilters()
#7 /opt/lampp/htdocs/blog/yii/framework/web/CWebApplication.php(282): SiteController->run()
#8 /opt/lampp/htdocs/blog/yii/framework/web/CWebApplication.php(141): CWebApplication->runController()
#9 /opt/lampp/htdocs/blog/yii/framework/base/CApplication.php(185): CWebApplication->processRequest()
#10 /opt/lampp/htdocs/blog/index.php(13): CWebApplication->run()
REQUEST_URI=/blog/index.php/site/login
in /opt/lampp/htdocs/blog/protected/components/UserIdentity.php (29)
in /opt/lampp/htdocs/blog/protected/models/LoginForm.php (54)
in /opt/lampp/htdocs/blog/protected/controllers/SiteController.php (101)
2023/05/15 01:40:47 [error] [php] Undefined property: GuzzleHttp\Psr7\Response::$getResponse (/opt/lampp/htdocs/blog/protected/components/UserIdentity.php:25)
Stack trace:
#0 /opt/lampp/htdocs/blog/yii/framework/validators/CValidator.php(201): CInlineValidator->validateAttribute()
#1 /opt/lampp/htdocs/blog/yii/framework/base/CModel.php(159): CInlineValidator->validate()
#2 /opt/lampp/htdocs/blog/protected/controllers/SiteController.php(101): LoginForm->validate()
#3 /opt/lampp/htdocs/blog/yii/framework/web/actions/CInlineAction.php(49): SiteController->actionLogin()
#4 /opt/lampp/htdocs/blog/yii/framework/web/CController.php(308): CInlineAction->runWithParams()
#5 /opt/lampp/htdocs/blog/yii/framework/web/CController.php(286): SiteController->runAction()
#6 /opt/lampp/htdocs/blog/yii/framework/web/CController.php(265): SiteController->runActionWithFilters()
#7 /opt/lampp/htdocs/blog/yii/framework/web/CWebApplication.php(282): SiteController->run()
#8 /opt/lampp/htdocs/blog/yii/framework/web/CWebApplication.php(141): CWebApplication->runController()
#9 /opt/lampp/htdocs/blog/yii/framework/base/CApplication.php(185): CWebApplication->processRequest()
#10 /opt/lampp/htdocs/blog/index.php(13): CWebApplication->run()
REQUEST_URI=/blog/index.php/site/login
in /opt/lampp/htdocs/blog/protected/components/UserIdentity.php (25)
in /opt/lampp/htdocs/blog/protected/models/LoginForm.php (54)
in /opt/lampp/htdocs/blog/protected/controllers/SiteController.php (101)
2023/05/15 01:41:16 [error] [exception.Error] Error: Call to undefined method GuzzleHttp\Psr7\Response::getResponse() in /opt/lampp/htdocs/blog/protected/components/UserIdentity.php:25
Stack trace:
#0 /opt/lampp/htdocs/blog/protected/models/LoginForm.php(54): UserIdentity->authenticate()
#1 /opt/lampp/htdocs/blog/yii/framework/validators/CInlineValidator.php(42): LoginForm->authenticate('password', Array)
#2 /opt/lampp/htdocs/blog/yii/framework/validators/CValidator.php(201): CInlineValidator->validateAttribute(Object(LoginForm), 'password')
#3 /opt/lampp/htdocs/blog/yii/framework/base/CModel.php(159): CValidator->validate(Object(LoginForm), Array)
#4 /opt/lampp/htdocs/blog/protected/controllers/SiteController.php(101): CModel->validate()
#5 /opt/lampp/htdocs/blog/yii/framework/web/actions/CInlineAction.php(49): SiteController->actionLogin()
#6 /opt/lampp/htdocs/blog/yii/framework/web/CController.php(308): CInlineAction->runWithParams(Array)
#7 /opt/lampp/htdocs/blog/yii/framework/web/CController.php(286): CController->runAction(Object(CInlineAction))
#8 /opt/lampp/htdocs/blog/yii/framework/web/CController.php(265): CController->runActionWithFilters(Object(CInlineAction), Array)
#9 /opt/lampp/htdocs/blog/yii/framework/web/CWebApplication.php(282): CController->run('login')
#10 /opt/lampp/htdocs/blog/yii/framework/web/CWebApplication.php(141): CWebApplication->runController('site/login')
#11 /opt/lampp/htdocs/blog/yii/framework/base/CApplication.php(185): CWebApplication->processRequest()
#12 /opt/lampp/htdocs/blog/index.php(13): CApplication->run()
#13 {main}
REQUEST_URI=/blog/index.php/site/login
HTTP_REFERER=http://192.168.64.2/blog/index.php/site/login
---
2023/05/15 11:26:52 [error] [php] Undefined offset: 0 (/opt/lampp/htdocs/blog/protected/components/UserIdentity.php:37)
Stack trace:
#0 /opt/lampp/htdocs/blog/yii/framework/validators/CValidator.php(201): CInlineValidator->validateAttribute()
#1 /opt/lampp/htdocs/blog/yii/framework/base/CModel.php(159): CInlineValidator->validate()
#2 /opt/lampp/htdocs/blog/protected/controllers/SiteController.php(101): LoginForm->validate()
#3 /opt/lampp/htdocs/blog/yii/framework/web/actions/CInlineAction.php(49): SiteController->actionLogin()
#4 /opt/lampp/htdocs/blog/yii/framework/web/CController.php(308): CInlineAction->runWithParams()
#5 /opt/lampp/htdocs/blog/yii/framework/web/CController.php(286): SiteController->runAction()
#6 /opt/lampp/htdocs/blog/yii/framework/web/CController.php(265): SiteController->runActionWithFilters()
#7 /opt/lampp/htdocs/blog/yii/framework/web/CWebApplication.php(282): SiteController->run()
#8 /opt/lampp/htdocs/blog/yii/framework/web/CWebApplication.php(141): CWebApplication->runController()
#9 /opt/lampp/htdocs/blog/yii/framework/base/CApplication.php(185): CWebApplication->processRequest()
#10 /opt/lampp/htdocs/blog/index.php(13): CWebApplication->run()
REQUEST_URI=/blog/index.php/site/login
in /opt/lampp/htdocs/blog/protected/components/UserIdentity.php (37)
in /opt/lampp/htdocs/blog/protected/models/LoginForm.php (54)
in /opt/lampp/htdocs/blog/protected/controllers/SiteController.php (101)
2023/05/15 11:28:39 [error] [php] Undefined offset: 0 (/opt/lampp/htdocs/blog/protected/components/UserIdentity.php:40)
Stack trace:
#0 /opt/lampp/htdocs/blog/yii/framework/validators/CValidator.php(201): CInlineValidator->validateAttribute()
#1 /opt/lampp/htdocs/blog/yii/framework/base/CModel.php(159): CInlineValidator->validate()
#2 /opt/lampp/htdocs/blog/protected/controllers/SiteController.php(101): LoginForm->validate()
#3 /opt/lampp/htdocs/blog/yii/framework/web/actions/CInlineAction.php(49): SiteController->actionLogin()
#4 /opt/lampp/htdocs/blog/yii/framework/web/CController.php(308): CInlineAction->runWithParams()
#5 /opt/lampp/htdocs/blog/yii/framework/web/CController.php(286): SiteController->runAction()
#6 /opt/lampp/htdocs/blog/yii/framework/web/CController.php(265): SiteController->runActionWithFilters()
#7 /opt/lampp/htdocs/blog/yii/framework/web/CWebApplication.php(282): SiteController->run()
#8 /opt/lampp/htdocs/blog/yii/framework/web/CWebApplication.php(141): CWebApplication->runController()
#9 /opt/lampp/htdocs/blog/yii/framework/base/CApplication.php(185): CWebApplication->processRequest()
#10 /opt/lampp/htdocs/blog/index.php(13): CWebApplication->run()
REQUEST_URI=/blog/index.php/site/login
in /opt/lampp/htdocs/blog/protected/components/UserIdentity.php (40)
in /opt/lampp/htdocs/blog/protected/models/LoginForm.php (54)
in /opt/lampp/htdocs/blog/protected/controllers/SiteController.php (101)
2023/05/17 00:46:10 [error] [php] Undefined variable: Hello Word (/opt/lampp/htdocs/blog/protected/views/site/index.php:20)
Stack trace:
#0 /opt/lampp/htdocs/blog/yii/framework/web/CController.php(872): SiteController->renderFile()
#1 /opt/lampp/htdocs/blog/yii/framework/web/CController.php(785): SiteController->renderPartial()
#2 /opt/lampp/htdocs/blog/protected/controllers/SiteController.php(39): SiteController->render()
#3 /opt/lampp/htdocs/blog/yii/framework/web/actions/CInlineAction.php(49): SiteController->actionIndex()
#4 /opt/lampp/htdocs/blog/yii/framework/web/CController.php(308): CInlineAction->runWithParams()
#5 /opt/lampp/htdocs/blog/yii/framework/web/CController.php(286): SiteController->runAction()
#6 /opt/lampp/htdocs/blog/yii/framework/web/CController.php(265): SiteController->runActionWithFilters()
#7 /opt/lampp/htdocs/blog/yii/framework/web/CWebApplication.php(282): SiteController->run()
#8 /opt/lampp/htdocs/blog/yii/framework/web/CWebApplication.php(141): CWebApplication->runController()
#9 /opt/lampp/htdocs/blog/yii/framework/base/CApplication.php(185): CWebApplication->processRequest()
#10 /opt/lampp/htdocs/blog/index.php(13): CWebApplication->run()
REQUEST_URI=/blog/index.php
in /opt/lampp/htdocs/blog/protected/views/site/index.php (20)
in /opt/lampp/htdocs/blog/protected/controllers/SiteController.php (39)
in /opt/lampp/htdocs/blog/index.php (13)
2023/05/17 01:23:13 [error] [exception.CException] CException: Property "SiteController.createUrl" is not defined. in /opt/lampp/htdocs/blog/yii/framework/base/CComponent.php:130
Stack trace:
#0 /opt/lampp/htdocs/blog/protected/views/site/index.php(24): CComponent->__get('createUrl')
#1 /opt/lampp/htdocs/blog/yii/framework/web/CBaseController.php(126): require('/opt/lampp/htdo...')
#2 /opt/lampp/htdocs/blog/yii/framework/web/CBaseController.php(95): CBaseController->renderInternal('/opt/lampp/htdo...', Array, true)
#3 /opt/lampp/htdocs/blog/yii/framework/web/CController.php(872): CBaseController->renderFile('/opt/lampp/htdo...', Array, true)
#4 /opt/lampp/htdocs/blog/yii/framework/web/CController.php(785): CController->renderPartial('index', Array, true)
#5 /opt/lampp/htdocs/blog/protected/controllers/SiteController.php(39): CController->render('index', Array)
#6 /opt/lampp/htdocs/blog/yii/framework/web/actions/CInlineAction.php(49): SiteController->actionIndex()
#7 /opt/lampp/htdocs/blog/yii/framework/web/CController.php(308): CInlineAction->runWithParams(Array)
#8 /opt/lampp/htdocs/blog/yii/framework/web/CController.php(286): CController->runAction(Object(CInlineAction))
#9 /opt/lampp/htdocs/blog/yii/framework/web/CController.php(265): CController->runActionWithFilters(Object(CInlineAction), Array)
#10 /opt/lampp/htdocs/blog/yii/framework/web/CWebApplication.php(282): CController->run('')
#11 /opt/lampp/htdocs/blog/yii/framework/web/CWebApplication.php(141): CWebApplication->runController('')
#12 /opt/lampp/htdocs/blog/yii/framework/base/CApplication.php(185): CWebApplication->processRequest()
#13 /opt/lampp/htdocs/blog/index.php(13): CApplication->run()
#14 {main}
REQUEST_URI=/blog/index.php
HTTP_REFERER=http://192.168.64.2/blog/index.php/site/login
---
2023/05/17 01:27:13 [error] [exception.CHttpException.404] CHttpException: The system is unable to find the requested action "comentarios". in /opt/lampp/htdocs/blog/yii/framework/web/CController.php:486
Stack trace:
#0 /opt/lampp/htdocs/blog/yii/framework/web/CController.php(270): CController->missingAction('comentarios')
#1 /opt/lampp/htdocs/blog/yii/framework/web/CWebApplication.php(282): CController->run('comentarios')
#2 /opt/lampp/htdocs/blog/yii/framework/web/CWebApplication.php(141): CWebApplication->runController('site/comentario...')
#3 /opt/lampp/htdocs/blog/yii/framework/base/CApplication.php(185): CWebApplication->processRequest()
#4 /opt/lampp/htdocs/blog/index.php(13): CApplication->run()
#5 {main}
REQUEST_URI=/blog/index.php/site/comentarios/1
HTTP_REFERER=http://192.168.64.2/blog/index.php
---
2023/05/17 01:28:44 [error] [exception.CHttpException.404] CHttpException: The system is unable to find the requested action "comentarios". in /opt/lampp/htdocs/blog/yii/framework/web/CController.php:486
Stack trace:
#0 /opt/lampp/htdocs/blog/yii/framework/web/CController.php(270): CController->missingAction('comentarios')
#1 /opt/lampp/htdocs/blog/yii/framework/web/CWebApplication.php(282): CController->run('comentarios')
#2 /opt/lampp/htdocs/blog/yii/framework/web/CWebApplication.php(141): CWebApplication->runController('site/comentario...')
#3 /opt/lampp/htdocs/blog/yii/framework/base/CApplication.php(185): CWebApplication->processRequest()
#4 /opt/lampp/htdocs/blog/index.php(13): CApplication->run()
#5 {main}
REQUEST_URI=/blog/index.php/site/comentarios/1
HTTP_REFERER=http://192.168.64.2/blog/index.php
---
2023/05/17 01:53:50 [error] [exception.CDbException] CDbException: CDbConnection failed to open the DB connection: SQLSTATE[HY000] [1049] Unknown database 'testdrive' in /opt/lampp/htdocs/blog/yii/framework/db/CDbConnection.php:399
Stack trace:
#0 /opt/lampp/htdocs/blog/yii/framework/db/CDbConnection.php(347): CDbConnection->open()
#1 /opt/lampp/htdocs/blog/yii/framework/db/CDbConnection.php(325): CDbConnection->setActive(true)
#2 /opt/lampp/htdocs/blog/yii/framework/base/CModule.php(394): CDbConnection->init()
#3 /opt/lampp/htdocs/blog/yii/framework/base/CApplication.php(459): CModule->getComponent('db')
#4 /opt/lampp/htdocs/blog/yii/framework/db/ar/CActiveRecord.php(639): CApplication->getDb()
#5 /opt/lampp/htdocs/blog/yii/framework/db/ar/CActiveRecord.php(2389): CActiveRecord->getDbConnection()
#6 /opt/lampp/htdocs/blog/yii/framework/db/ar/CActiveRecord.php(413): CActiveRecordMetaData->__construct(Object(Post))
#7 /opt/lampp/htdocs/blog/yii/framework/db/ar/CActiveRecord.php(79): CActiveRecord->getMetaData()
#8 /opt/lampp/htdocs/blog/protected/controllers/SiteController.php(66): CActiveRecord->__construct()
#9 /opt/lampp/htdocs/blog/yii/framework/web/actions/CInlineAction.php(49): SiteController->actionPost()
#10 /opt/lampp/htdocs/blog/yii/framework/web/CController.php(308): CInlineAction->runWithParams(Array)
#11 /opt/lampp/htdocs/blog/yii/framework/web/CController.php(286): CController->runAction(Object(CInlineAction))
#12 /opt/lampp/htdocs/blog/yii/framework/web/CController.php(265): CController->runActionWithFilters(Object(CInlineAction), Array)
#13 /opt/lampp/htdocs/blog/yii/framework/web/CWebApplication.php(282): CController->run('post')
#14 /opt/lampp/htdocs/blog/yii/framework/web/CWebApplication.php(141): CWebApplication->runController('site/post')
#15 /opt/lampp/htdocs/blog/yii/framework/base/CApplication.php(185): CWebApplication->processRequest()
#16 /opt/lampp/htdocs/blog/index.php(13): CApplication->run()
#17 {main}
REQUEST_URI=/blog/index.php/site/post/3
HTTP_REFERER=http://192.168.64.2/blog/index.php
---
2023/05/17 01:54:46 [error] [exception.CException] CException: SiteController cannot find the requested view "create". in /opt/lampp/htdocs/blog/yii/framework/web/CController.php:881
Stack trace:
#0 /opt/lampp/htdocs/blog/yii/framework/web/CController.php(785): CController->renderPartial('create', Array, true)
#1 /opt/lampp/htdocs/blog/protected/controllers/SiteController.php(68): CController->render('create', Array)
#2 /opt/lampp/htdocs/blog/yii/framework/web/actions/CInlineAction.php(49): SiteController->actionPost()
#3 /opt/lampp/htdocs/blog/yii/framework/web/CController.php(308): CInlineAction->runWithParams(Array)
#4 /opt/lampp/htdocs/blog/yii/framework/web/CController.php(286): CController->runAction(Object(CInlineAction))
#5 /opt/lampp/htdocs/blog/yii/framework/web/CController.php(265): CController->runActionWithFilters(Object(CInlineAction), Array)
#6 /opt/lampp/htdocs/blog/yii/framework/web/CWebApplication.php(282): CController->run('post')
#7 /opt/lampp/htdocs/blog/yii/framework/web/CWebApplication.php(141): CWebApplication->runController('site/post')
#8 /opt/lampp/htdocs/blog/yii/framework/base/CApplication.php(185): CWebApplication->processRequest()
#9 /opt/lampp/htdocs/blog/index.php(13): CApplication->run()
#10 {main}
REQUEST_URI=/blog/index.php/site/post/3
HTTP_REFERER=http://192.168.64.2/blog/index.php
---
2023/05/17 01:55:21 [error] [exception.CException] CException: Property "Post.title" is not defined. in /opt/lampp/htdocs/blog/yii/framework/base/CComponent.php:130
Stack trace:
#0 /opt/lampp/htdocs/blog/yii/framework/web/helpers/CHtml.php(2760): CComponent->__get('title')
#1 /opt/lampp/htdocs/blog/yii/framework/web/helpers/CHtml.php(2483): CHtml::resolveValue(Object(Post), 'title')
#2 /opt/lampp/htdocs/blog/yii/framework/web/helpers/CHtml.php(1540): CHtml::activeInputField('text', Object(Post), 'title', Array)
#3 /opt/lampp/htdocs/blog/yii/framework/web/widgets/CActiveForm.php(792): CHtml::activeTextField(Object(Post), 'title', Array)
#4 /opt/lampp/htdocs/blog/protected/views/site/posts.php(16): CActiveForm->textField(Object(Post), 'title')
#5 /opt/lampp/htdocs/blog/yii/framework/web/CBaseController.php(126): require('/opt/lampp/htdo...')
#6 /opt/lampp/htdocs/blog/yii/framework/web/CBaseController.php(95): CBaseController->renderInternal('/opt/lampp/htdo...', Array, true)
#7 /opt/lampp/htdocs/blog/yii/framework/web/CController.php(872): CBaseController->renderFile('/opt/lampp/htdo...', Array, true)
#8 /opt/lampp/htdocs/blog/yii/framework/web/CController.php(785): CController->renderPartial('posts', Array, true)
#9 /opt/lampp/htdocs/blog/protected/controllers/SiteController.php(68): CController->render('posts', Array)
#10 /opt/lampp/htdocs/blog/yii/framework/web/actions/CInlineAction.php(49): SiteController->actionPost()
#11 /opt/lampp/htdocs/blog/yii/framework/web/CController.php(308): CInlineAction->runWithParams(Array)
#12 /opt/lampp/htdocs/blog/yii/framework/web/CController.php(286): CController->runAction(Object(CInlineAction))
#13 /opt/lampp/htdocs/blog/yii/framework/web/CController.php(265): CController->runActionWithFilters(Object(CInlineAction), Array)
#14 /opt/lampp/htdocs/blog/yii/framework/web/CWebApplication.php(282): CController->run('post')
#15 /opt/lampp/htdocs/blog/yii/framework/web/CWebApplication.php(141): CWebApplication->runController('site/post')
#16 /opt/lampp/htdocs/blog/yii/framework/base/CApplication.php(185): CWebApplication->processRequest()
#17 /opt/lampp/htdocs/blog/index.php(13): CApplication->run()
#18 {main}
REQUEST_URI=/blog/index.php/site/post/3
HTTP_REFERER=http://192.168.64.2/blog/index.php
---
